Flow report for top
Thu Mar 18 07:50:47 2021
Quartus II 64-Bit Version 14.0.0 Build 200 06/17/2014 SJ Web Edition


---------------------
; Table of Contents ;
---------------------
  1. Legal Notice
  2. Flow Summary
  3. Flow Settings
  4. Flow Non-Default Global Settings
  5. Flow Elapsed Time
  6. Flow OS Summary
  7. Flow Log
  8. Flow Messages
  9. Flow Suppressed Messages



----------------
; Legal Notice ;
----------------
Copyright (C) 1991-2014 Altera Corporation. All rights reserved.
Your use of Altera Corporation's design tools, logic functions 
and other software and tools, and its AMPP partner logic 
functions, and any output files from any of the foregoing 
(including device programming or simulation files), and any 
associated documentation or information are expressly subject 
to the terms and conditions of the Altera Program License 
Subscription Agreement, the Altera Quartus II License Agreement,
the Altera MegaCore Function License Agreement, or other 
applicable license agreement, including, without limitation, 
that your use is for the sole purpose of programming logic 
devices manufactured by Altera and sold by Altera or its 
authorized distributors.  Please refer to the applicable 
agreement for further details.



+------------------------------------------------------------------------------+
; Flow Summary                                                                 ;
+---------------------------------+--------------------------------------------+
; Flow Status                     ; Successful - Thu Mar 18 07:50:41 2021      ;
; Quartus II 64-Bit Version       ; 14.0.0 Build 200 06/17/2014 SJ Web Edition ;
; Revision Name                   ; top                                        ;
; Top-level Entity Name           ; top                                        ;
; Family                          ; Cyclone V                                  ;
; Device                          ; 5CGXFC7C7F23C8                             ;
; Timing Models                   ; Final                                      ;
; Logic utilization (in ALMs)     ; 1 / 56,480 ( < 1 % )                       ;
; Total registers                 ; 0                                          ;
; Total pins                      ; 2 / 268 ( < 1 % )                          ;
; Total virtual pins              ; 0                                          ;
; Total block memory bits         ; 0 / 7,024,640 ( 0 % )                      ;
; Total DSP Blocks                ; 0 / 156 ( 0 % )                            ;
; Total HSSI RX PCSs              ; 0 / 6 ( 0 % )                              ;
; Total HSSI PMA RX Deserializers ; 0 / 6 ( 0 % )                              ;
; Total HSSI TX PCSs              ; 0 / 6 ( 0 % )                              ;
; Total HSSI PMA TX Serializers   ; 0 / 6 ( 0 % )                              ;
; Total PLLs                      ; 0 / 13 ( 0 % )                             ;
; Total DLLs                      ; 0 / 4 ( 0 % )                              ;
+---------------------------------+--------------------------------------------+


+-----------------------------------------+
; Flow Settings                           ;
+-------------------+---------------------+
; Option            ; Setting             ;
+-------------------+---------------------+
; Start date & time ; 03/18/2021 07:49:54 ;
; Main task         ; Compilation         ;
; Revision Name     ; top                 ;
+-------------------+---------------------+


+------------------------------------------------------------------------------------------------------------------------+
; Flow Non-Default Global Settings                                                                                       ;
+-------------------------------------+---------------------------------------+---------------+-------------+------------+
; Assignment Name                     ; Value                                 ; Default Value ; Entity Name ; Section Id ;
+-------------------------------------+---------------------------------------+---------------+-------------+------------+
; COMPILER_SIGNATURE_ID               ; 220964529536395.161604659408216       ; --            ; --          ; --         ;
; MAX_CORE_JUNCTION_TEMP              ; 85                                    ; --            ; --          ; --         ;
; MIN_CORE_JUNCTION_TEMP              ; 0                                     ; --            ; --          ; --         ;
; NOMINAL_CORE_SUPPLY_VOLTAGE         ; 1.2V                                  ; --            ; --          ; --         ;
; PARTITION_COLOR                     ; 16764057                              ; --            ; --          ; Top        ;
; PARTITION_FITTER_PRESERVATION_LEVEL ; PLACEMENT_AND_ROUTING                 ; --            ; --          ; Top        ;
; PARTITION_NETLIST_TYPE              ; SOURCE                                ; --            ; --          ; Top        ;
; POWER_BOARD_THERMAL_MODEL           ; None (CONSERVATIVE)                   ; --            ; --          ; --         ;
; POWER_PRESET_COOLING_SOLUTION       ; 23 MM HEAT SINK WITH 200 LFPM AIRFLOW ; --            ; --          ; --         ;
; PROJECT_OUTPUT_DIRECTORY            ; output_files                          ; --            ; --          ; --         ;
; VERILOG_MACRO                       ; CUSTOM_DEFINE=1                       ; --            ; --          ; --         ;
; VERILOG_SHOW_LMF_MAPPING_MESSAGES   ; Off                                   ; --            ; --          ; --         ;
+-------------------------------------+---------------------------------------+---------------+-------------+------------+


+-------------------------------------------------------------------------------------------------------------------------------+
; Flow Elapsed Time                                                                                                             ;
+---------------------------+--------------+-------------------------+---------------------+------------------------------------+
; Module Name               ; Elapsed Time ; Average Processors Used ; Peak Virtual Memory ; Total CPU Time (on all processors) ;
+---------------------------+--------------+-------------------------+---------------------+------------------------------------+
; Analysis & Synthesis      ; 00:00:02     ; 1.0                     ; 4735 MB             ; 00:00:02                           ;
; Fitter                    ; 00:00:32     ; 1.0                     ; 5828 MB             ; 00:00:32                           ;
; Assembler                 ; 00:00:09     ; 1.0                     ; 4791 MB             ; 00:00:09                           ;
; TimeQuest Timing Analyzer ; 00:00:04     ; 1.0                     ; 4993 MB             ; 00:00:05                           ;
; Total                     ; 00:00:47     ; --                      ; --                  ; 00:00:48                           ;
+---------------------------+--------------+-------------------------+---------------------+------------------------------------+


+----------------------------------------------------------------------------------------+
; Flow OS Summary                                                                        ;
+---------------------------+------------------+-----------+------------+----------------+
; Module Name               ; Machine Hostname ; OS Name   ; OS Version ; Processor type ;
+---------------------------+------------------+-----------+------------+----------------+
; Analysis & Synthesis      ; DESKTOP-DB0EFKQ  ; Windows 7 ; 6.2        ; x86_64         ;
; Fitter                    ; DESKTOP-DB0EFKQ  ; Windows 7 ; 6.2        ; x86_64         ;
; Assembler                 ; DESKTOP-DB0EFKQ  ; Windows 7 ; 6.2        ; x86_64         ;
; TimeQuest Timing Analyzer ; DESKTOP-DB0EFKQ  ; Windows 7 ; 6.2        ; x86_64         ;
+---------------------------+------------------+-----------+------------+----------------+


------------
; Flow Log ;
------------
quartus_map --read_settings_files=on --write_settings_files=off top -c top
quartus_fit --read_settings_files=off --write_settings_files=off top -c top
quartus_asm --read_settings_files=off --write_settings_files=off top -c top
quartus_sta top -c top



